<?xml version="1.0" encoding="UTF-8"?>
<coverage generated="1771294797228" clover="3.2.0">
  <project timestamp="1771294797228" name="All files">
    <metrics statements="31" coveredstatements="31" conditionals="2" coveredconditionals="2" methods="11" coveredmethods="11" elements="44" coveredelements="44" complexity="0" loc="31" ncloc="31" packages="2" files="3" classes="3"/>
    <package name="whisper">
      <metrics statements="25" coveredstatements="25" conditionals="2" coveredconditionals="2" methods="9" coveredmethods="9"/>
      <file name="store.js" path="C:\Users\HP\mern\learn-node\whisper\store.js">
        <metrics statements="25" coveredstatements="25" conditionals="2" coveredconditionals="2" methods="9" coveredmethods="9"/>
        <line num="4" count="1" type="stmt"/>
        <line num="6" count="1" type="stmt"/>
        <line num="7" count="8" type="stmt"/>
        <line num="10" count="1" type="stmt"/>
        <line num="11" count="15" type="stmt"/>
        <line num="12" count="15" type="stmt"/>
        <line num="15" count="1" type="stmt"/>
        <line num="17" count="1" type="stmt"/>
        <line num="18" count="4" type="stmt"/>
        <line num="19" count="7" type="stmt"/>
        <line num="22" count="1" type="stmt"/>
        <line num="23" count="2" type="stmt"/>
        <line num="24" count="2" type="stmt"/>
        <line num="25" count="2" type="stmt"/>
        <line num="26" count="2" type="stmt"/>
        <line num="29" count="1" type="stmt"/>
        <line num="30" count="3" type="stmt"/>
        <line num="31" count="3" type="stmt"/>
        <line num="32" count="6" type="cond" truecount="2" falsecount="0"/>
        <line num="33" count="2" type="stmt"/>
        <line num="35" count="4" type="stmt"/>
        <line num="37" count="3" type="stmt"/>
        <line num="40" count="1" type="stmt"/>
        <line num="41" count="3" type="stmt"/>
        <line num="42" count="6" type="stmt"/>
      </file>
    </package>
    <package name="whisper.tests">
      <metrics statements="6" coveredstatements="6" conditionals="0" coveredconditionals="0" methods="2" coveredmethods="2"/>
      <file name="fixtures.js" path="C:\Users\HP\mern\learn-node\whisper\tests\fixtures.js">
        <metrics statements="3" coveredstatements="3" conditionals="0" coveredconditionals="0" methods="0" coveredmethods="0"/>
        <line num="1" count="1" type="stmt"/>
        <line num="5" count="1" type="stmt"/>
        <line num="6" count="1" type="stmt"/>
      </file>
      <file name="utils.js" path="C:\Users\HP\mern\learn-node\whisper\tests\utils.js">
        <metrics statements="3" coveredstatements="3" conditionals="0" coveredconditionals="0" methods="2" coveredmethods="2"/>
        <line num="3" count="1" type="stmt"/>
        <line num="4" count="2" type="stmt"/>
        <line num="5" count="12" type="stmt"/>
      </file>
    </package>
  </project>
</coverage>
