{"C:\\Users\\HP\\mern\\learn-node\\whisper\\store.js": {"path":"C:\\Users\\HP\\mern\\learn-node\\whisper\\store.js","statementMap":{"0":{"start":{"line":4,"column":17},"end":{"line":4,"column":54}},"1":{"start":{"line":6,"column":20},"end":{"line":8,"column":1}},"2":{"start":{"line":7,"column":2},"end":{"line":7,"column":54}},"3":{"start":{"line":10,"column":16},"end":{"line":13,"column":1}},"4":{"start":{"line":11,"column":15},"end":{"line":11,"column":51}},"5":{"start":{"line":12,"column":2},"end":{"line":12,"column":26}},"6":{"start":{"line":15,"column":15},"end":{"line":15,"column":22}},"7":{"start":{"line":17,"column":16},"end":{"line":20,"column":1}},"8":{"start":{"line":18,"column":15},"end":{"line":18,"column":30}},"9":{"start":{"line":19,"column":2},"end":{"line":19,"column":45}},"10":{"start":{"line":19,"column":29},"end":{"line":19,"column":43}},"11":{"start":{"line":22,"column":15},"end":{"line":27,"column":1}},"12":{"start":{"line":23,"column":15},"end":{"line":23,"column":30}},"13":{"start":{"line":24,"column":18},"end":{"line":24,"column":50}},"14":{"start":{"line":25,"column":2},"end":{"line":25,"column":42}},"15":{"start":{"line":26,"column":2},"end":{"line":26,"column":17}},"16":{"start":{"line":29,"column":19},"end":{"line":38,"column":1}},"17":{"start":{"line":30,"column":15},"end":{"line":30,"column":30}},"18":{"start":{"line":31,"column":18},"end":{"line":36,"column":4}},"19":{"start":{"line":32,"column":4},"end":{"line":34,"column":5}},"20":{"start":{"line":33,"column":6},"end":{"line":33,"column":37}},"21":{"start":{"line":35,"column":4},"end":{"line":35,"column":19}},"22":{"start":{"line":37,"column":2},"end":{"line":37,"column":29}},"23":{"start":{"line":40,"column":19},"end":{"line":43,"column":1}},"24":{"start":{"line":41,"column":15},"end":{"line":41,"column":30}},"25":{"start":{"line":42,"column":2},"end":{"line":42,"column":65}},"26":{"start":{"line":42,"column":45},"end":{"line":42,"column":62}}},"fnMap":{"0":{"name":"(anonymous_0)","decl":{"start":{"line":6,"column":20},"end":{"line":6,"column":21}},"loc":{"start":{"line":6,"column":30},"end":{"line":8,"column":1}},"line":6},"1":{"name":"(anonymous_1)","decl":{"start":{"line":10,"column":16},"end":{"line":10,"column":17}},"loc":{"start":{"line":10,"column":28},"end":{"line":13,"column":1}},"line":10},"2":{"name":"(anonymous_2)","decl":{"start":{"line":17,"column":16},"end":{"line":17,"column":17}},"loc":{"start":{"line":17,"column":30},"end":{"line":20,"column":1}},"line":17},"3":{"name":"(anonymous_3)","decl":{"start":{"line":19,"column":19},"end":{"line":19,"column":20}},"loc":{"start":{"line":19,"column":29},"end":{"line":19,"column":43}},"line":19},"4":{"name":"(anonymous_4)","decl":{"start":{"line":22,"column":15},"end":{"line":22,"column":16}},"loc":{"start":{"line":22,"column":34},"end":{"line":27,"column":1}},"line":22},"5":{"name":"(anonymous_5)","decl":{"start":{"line":29,"column":19},"end":{"line":29,"column":20}},"loc":{"start":{"line":29,"column":42},"end":{"line":38,"column":1}},"line":29},"6":{"name":"(anonymous_6)","decl":{"start":{"line":31,"column":27},"end":{"line":31,"column":28}},"loc":{"start":{"line":31,"column":40},"end":{"line":36,"column":3}},"line":31},"7":{"name":"(anonymous_7)","decl":{"start":{"line":40,"column":19},"end":{"line":40,"column":20}},"loc":{"start":{"line":40,"column":33},"end":{"line":43,"column":1}},"line":40},"8":{"name":"(anonymous_8)","decl":{"start":{"line":42,"column":32},"end":{"line":42,"column":33}},"loc":{"start":{"line":42,"column":45},"end":{"line":42,"column":62}},"line":42}},"branchMap":{"0":{"loc":{"start":{"line":32,"column":4},"end":{"line":34,"column":5}},"type":"if","locations":[{"start":{"line":32,"column":4},"end":{"line":34,"column":5}},{"start":{},"end":{}}],"line":32}},"s":{"0":1,"1":1,"2":8,"3":1,"4":15,"5":15,"6":1,"7":1,"8":4,"9":4,"10":7,"11":1,"12":2,"13":2,"14":2,"15":2,"16":1,"17":3,"18":3,"19":6,"20":2,"21":4,"22":3,"23":1,"24":3,"25":3,"26":6},"f":{"0":8,"1":15,"2":4,"3":7,"4":2,"5":3,"6":6,"7":3,"8":6},"b":{"0":[2,4]},"_coverageSchema":"1a1c01bbd47fc00a2c39e90264f33305004495a9","hash":"3e23c27600f19a7a232cfa64acec62bbe7743d83"}
,"C:\\Users\\HP\\mern\\learn-node\\whisper\\tests\\fixtures.js": {"path":"C:\\Users\\HP\\mern\\learn-node\\whisper\\tests\\fixtures.js","statementMap":{"0":{"start":{"line":1,"column":17},"end":{"line":4,"column":1}},"1":{"start":{"line":5,"column":19},"end":{"line":5,"column":24}},"2":{"start":{"line":6,"column":19},"end":{"line":6,"column":33}}},"fnMap":{},"branchMap":{},"s":{"0":1,"1":1,"2":1},"f":{},"b":{},"_coverageSchema":"1a1c01bbd47fc00a2c39e90264f33305004495a9","hash":"8f03eed5af4973372eb134d71232ddbc73dca289"}
,"C:\\Users\\HP\\mern\\learn-node\\whisper\\tests\\utils.js": {"path":"C:\\Users\\HP\\mern\\learn-node\\whisper\\tests\\utils.js","statementMap":{"0":{"start":{"line":3,"column":15},"end":{"line":3,"column":47}},"1":{"start":{"line":4,"column":18},"end":{"line":4,"column":65}},"2":{"start":{"line":4,"column":24},"end":{"line":4,"column":65}},"3":{"start":{"line":5,"column":19},"end":{"line":5,"column":72}},"4":{"start":{"line":5,"column":29},"end":{"line":5,"column":72}}},"fnMap":{"0":{"name":"(anonymous_0)","decl":{"start":{"line":4,"column":18},"end":{"line":4,"column":19}},"loc":{"start":{"line":4,"column":24},"end":{"line":4,"column":65}},"line":4},"1":{"name":"(anonymous_1)","decl":{"start":{"line":5,"column":19},"end":{"line":5,"column":20}},"loc":{"start":{"line":5,"column":29},"end":{"line":5,"column":72}},"line":5}},"branchMap":{},"s":{"0":1,"1":1,"2":2,"3":1,"4":12},"f":{"0":2,"1":12},"b":{},"_coverageSchema":"1a1c01bbd47fc00a2c39e90264f33305004495a9","hash":"8ca07dbe19e27bae7db61d85e772124428e9287a"}
}
