TN:
SF:store.js
FN:6,(anonymous_0)
FN:10,(anonymous_1)
FN:17,(anonymous_2)
FN:19,(anonymous_3)
FN:22,(anonymous_4)
FN:29,(anonymous_5)
FN:31,(anonymous_6)
FN:40,(anonymous_7)
FN:42,(anonymous_8)
FNF:9
FNH:9
FNDA:8,(anonymous_0)
FNDA:15,(anonymous_1)
FNDA:4,(anonymous_2)
FNDA:7,(anonymous_3)
FNDA:2,(anonymous_4)
FNDA:3,(anonymous_5)
FNDA:6,(anonymous_6)
FNDA:3,(anonymous_7)
FNDA:6,(anonymous_8)
DA:4,1
DA:6,1
DA:7,8
DA:10,1
DA:11,15
DA:12,15
DA:15,1
DA:17,1
DA:18,4
DA:19,7
DA:22,1
DA:23,2
DA:24,2
DA:25,2
DA:26,2
DA:29,1
DA:30,3
DA:31,3
DA:32,6
DA:33,2
DA:35,4
DA:37,3
DA:40,1
DA:41,3
DA:42,6
LF:25
LH:25
BRDA:32,0,0,2
BRDA:32,0,1,4
BRF:2
BRH:2
end_of_record
TN:
SF:tests\fixtures.js
FNF:0
FNH:0
DA:1,1
DA:5,1
DA:6,1
LF:3
LH:3
BRF:0
BRH:0
end_of_record
TN:
SF:tests\utils.js
FN:4,(anonymous_0)
FN:5,(anonymous_1)
FNF:2
FNH:2
FNDA:2,(anonymous_0)
FNDA:12,(anonymous_1)
DA:3,1
DA:4,2
DA:5,12
LF:3
LH:3
BRF:0
BRH:0
end_of_record
